20:03:16,603 DEBUG [MainThread] Handling dir C:\Users\skrus\Dropbox\tuin\2025\bloemennoord met wenda [handle_dir]
20:03:16,603 DEBUG [hash-worker-1] About to hash file id_0002: C:\Users\skrus\Dropbox\tuin\2025\bloemennoord met wenda\20250905_125701.jpg [hash_files]
20:03:16,603 DEBUG [hash-worker-2] About to hash file id_0003: C:\Users\skrus\Dropbox\tuin\2025\bloemennoord met wenda\20250905_125745.jpg [hash_files]
20:03:16,604 DEBUG [hash-worker-4] About to hash file id_0004: C:\Users\skrus\Dropbox\tuin\2025\bloemennoord met wenda\20250905_130449.jpg [hash_files]
20:03:16,604 DEBUG [hash-worker-3] About to hash file id_0005: C:\Users\skrus\Dropbox\tuin\2025\bloemennoord met wenda\20250905_133136.jpg [hash_files]
20:03:16,604 DEBUG [MainThread] Handling dir C:\Users\skrus\Dropbox\tuin\2025\bomen [handle_dir]
20:03:16,942 DEBUG [hash-worker-4] About to hash file id_0006: C:\Users\skrus\Dropbox\tuin\2025\bloemennoord met wenda\20250905_133542.jpg [hash_files]
20:03:16,945 DEBUG [store-worker] File id_0004 has hash 5f7ae528 [store]
20:03:16,948 DEBUG [MainThread] Handling dir C:\Users\skrus\Dropbox\tuin\2025\wat waar [handle_dir]
20:03:17,20 DEBUG [hash-worker-3] About to hash file id_0007: C:\Users\skrus\Dropbox\tuin\2025\bloemennoord met wenda\20250905_133757.jpg [hash_files]
20:03:17,20 DEBUG [store-worker] File id_0005 has hash 24352780 [store]
20:03:17,371 DEBUG [hash-worker-3] About to hash file id_0008: C:\Users\skrus\Dropbox\tuin\2025\bloemennoord met wenda\20250905_134129.jpg [hash_files]
20:03:17,372 DEBUG [store-worker] File id_0007 has hash 301adc77 [store]
20:03:17,386 DEBUG [hash-worker-4] About to hash file id_0010: C:\Users\skrus\Dropbox\tuin\2025\bomen\2025-08-28T14_59_52+02_00.JPEG [hash_files]
20:03:17,387 DEBUG [store-worker] File id_0006 has hash dfcd1eed [store]
20:03:17,762 DEBUG [hash-worker-2] About to hash file id_0011: C:\Users\skrus\Dropbox\tuin\2025\bomen\2025-08-28T15_00_37+02_00.JPEG [hash_files]
20:03:17,763 DEBUG [store-worker] File id_0003 has hash 1cf64631 [store]
20:03:17,833 DEBUG [hash-worker-1] About to hash file id_0012: C:\Users\skrus\Dropbox\tuin\2025\bomen\2025-08-28T15_01_20+02_00.JPEG [hash_files]
20:03:17,834 DEBUG [MainThread] Handling dir C:\Users\skrus\Dropbox\tuin\2025 [handle_dir]
20:03:17,834 DEBUG [store-worker] File id_0002 has hash b8e9c997 [store]
20:03:18,154 DEBUG [hash-worker-4] About to hash file id_0013: C:\Users\skrus\Dropbox\tuin\2025\bomen\20250828_145336.jpg [hash_files]
20:03:18,155 DEBUG [store-worker] File id_0010 has hash cc2b3d8e [store]
20:03:18,208 DEBUG [hash-worker-1] About to hash file id_0014: C:\Users\skrus\Dropbox\tuin\2025\bomen\20250828_145411.jpg [hash_files]
20:03:18,208 DEBUG [store-worker] File id_0012 has hash b328f638 [store]
20:03:18,209 DEBUG [MainThread] Handling dir C:\Users\skrus\Dropbox\tuin [handle_dir]
20:03:18,351 DEBUG [hash-worker-3] About to hash file id_0015: C:\Users\skrus\Dropbox\tuin\2025\bomen\20250828_145440.jpg [hash_files]
20:03:18,351 DEBUG [store-worker] File id_0008 has hash 43908da7 [store]
20:03:18,724 DEBUG [hash-worker-4] About to hash file id_0016: C:\Users\skrus\Dropbox\tuin\2025\bomen\20250828_145458.jpg [hash_files]
20:03:18,724 DEBUG [store-worker] File id_0013 has hash 42b76293 [store]
20:03:18,872 DEBUG [hash-worker-2] About to hash file id_0017: C:\Users\skrus\Dropbox\tuin\2025\bomen\20250828_145527.jpg [hash_files]
20:03:18,873 DEBUG [store-worker] File id_0011 has hash 918e12b3 [store]
20:03:19,69 DEBUG [hash-worker-3] About to hash file id_0018: C:\Users\skrus\Dropbox\tuin\2025\bomen\20250828_145541.jpg [hash_files]
20:03:19,70 DEBUG [MainThread] Sentinel(s) sent to queue of files to hash [main]
20:03:19,70 DEBUG [store-worker] File id_0015 has hash 88815575 [store]
20:03:19,112 DEBUG [hash-worker-1] About to hash file id_0019: C:\Users\skrus\Dropbox\tuin\2025\bomen\Offerte snoei Kleine Diestraat 12.ods [hash_files]
20:03:19,113 DEBUG [store-worker] File id_0014 has hash ddbf9b77 [store]
20:03:19,930 DEBUG [hash-worker-4] About to hash file id_0021: C:\Users\skrus\Dropbox\tuin\2025\wat waar\20250827_184031.jpg [hash_files]
20:03:19,931 DEBUG [store-worker] File id_0016 has hash d67d9e3b [store]
20:03:19,974 DEBUG [hash-worker-2] About to hash file id_0022: C:\Users\skrus\Dropbox\tuin\2025\wat waar\20250910_154131~4.jpg [hash_files]
20:03:19,974 DEBUG [store-worker] File id_0017 has hash 6369e3b6 [store]
20:03:19,998 DEBUG [hash-worker-3] About to hash file id_0023: C:\Users\skrus\Dropbox\tuin\2025\wat waar\20250910_154158~2.jpg [hash_files]
20:03:19,999 DEBUG [store-worker] File id_0018 has hash bc6a8728 [store]
20:03:20,11 DEBUG [hash-worker-1] About to hash file id_0024: C:\Users\skrus\Dropbox\tuin\2025\wat waar\20250910_154244~2.jpg [hash_files]
20:03:20,11 DEBUG [store-worker] File id_0019 has hash 0a543a45 [store]
20:03:20,492 DEBUG [store-worker] File id_0023 has hash 5ae16c9f [store]
20:03:20,492 DEBUG [hash-worker-3] About to hash file id_0025: C:\Users\skrus\Dropbox\tuin\2025\wat waar\iMarkup_20250913_174538.jpg [hash_files]
20:03:20,773 DEBUG [hash-worker-2] About to hash file id_0027: C:\Users\skrus\Dropbox\tuin\2025\Screenshot_20250828_140450_Drive.jpg [hash_files]
20:03:20,774 DEBUG [store-worker] File id_0022 has hash bb63518b [store]
20:03:20,800 DEBUG [hash-worker-1] About to hash file id_0028: C:\Users\skrus\Dropbox\tuin\2025\Screenshot_20250828_144319_Chrome.jpg [hash_files]
20:03:20,801 DEBUG [store-worker] File id_0024 has hash 0c3a91be [store]
20:03:20,987 DEBUG [hash-worker-4] Received sentinel [hash_files]
20:03:20,988 DEBUG [hash-worker-4] Finished [hash_files]
20:03:20,988 DEBUG [store-worker] File id_0021 has hash cbd17d18 [store]
20:03:21,120 DEBUG [hash-worker-2] Received sentinel [hash_files]
20:03:21,121 DEBUG [store-worker] File id_0027 has hash b6f8cc3f [store]
20:03:21,121 DEBUG [hash-worker-2] Finished [hash_files]
20:03:21,302 DEBUG [hash-worker-3] Received sentinel [hash_files]
20:03:21,302 DEBUG [hash-worker-3] Finished [hash_files]
20:03:21,302 DEBUG [store-worker] File id_0025 has hash be731ddf [store]
20:03:21,538 DEBUG [hash-worker-1] Received sentinel [hash_files]
20:03:21,539 DEBUG [store-worker] File id_0028 has hash 242216f5 [store]
20:03:21,539 DEBUG [hash-worker-1] Finished [hash_files]
20:03:21,539 DEBUG [MainThread] Queue of files to hash is empty [main]
20:03:21,540 INFO [MainThread] All hash workers finished [main]
20:03:21,540 INFO [MainThread] Sentinel pushed to queue of hashed files [main]
20:03:21,540 INFO [store-worker] Received sentinel [store]
20:03:21,540 INFO [store-worker] Processed 24 files [store]
20:03:21,541 INFO [MainThread] Queue of hashed files is empty [main]
20:03:21,541 INFO [MainThread] Store worker finished [main]
20:03:21,541 INFO [MainThread] 5 dirs processed [main]
20:03:21,541 INFO [MainThread] 24 files hashed [main]
20:03:21,657 INFO [monitor] Max hash queue size 12 (12 samples) [monitor_hash_queue]
